2018-08-14 14:35:09.750 AdditionalAttribute.iOS[68871:7457137] Xamarin.iOS: Added IP to look for the IDE: 127.0.0.1
2018-08-14 14:35:09.750 AdditionalAttribute.iOS[68871:7457137] Xamarin.iOS: IDE Port: 55255 Transport: WiFi
2018-08-14 14:35:09.751 AdditionalAttribute.iOS[68871:7457137] Xamarin.iOS: Socket error while connecting to IDE on 127.0.0.1:55255: Connection refused
2018-08-14 14:35:09.751 AdditionalAttribute.iOS[68871:7457078] Xamarin.iOS: Debugger not loaded (disabled).
2018-08-14 14:35:09.753 AdditionalAttribute.iOS[68871:7457078] Xamarin.iOS: Profiler not loaded (disabled)
2018-08-14 14:35:09.790 AdditionalAttribute.iOS[68871:7457078] Xamarin.iOS: Added dllmap for objc_msgSend
2018-08-14 14:35:11.279 AdditionalAttribute.iOS[68871:7457078] Handle_PropertyChanged was called
2018-08-14 14:35:11.280 AdditionalAttribute.iOS[68871:7457078] Handle_PropertyChanged was called
2018-08-14 14:35:11.295 AdditionalAttribute.iOS[68871:7457078] Handle_PropertyChanged was called
2018-08-14 14:35:11.323 AdditionalAttribute.iOS[68871:7457078] Handle_PropertyChanged was called
2018-08-14 14:35:11.324 AdditionalAttribute.iOS[68871:7457078] TeenySchedule: EditorText: enter shmaddress
2018-08-14 14:35:11.327 AdditionalAttribute.iOS[68871:7457078] TeenySchedule: EditorText: enter shmaddress
2018-08-14 14:35:11.330 AdditionalAttribute.iOS[68871:7457078] TeenySchedule: EditorText: enter shmaddress
2018-08-14 14:35:11.897 AdditionalAttribute.iOS[68871:7457078] Handle_PropertyChanged was called
2018-08-14 14:35:11.897 AdditionalAttribute.iOS[68871:7457078] TeenySchedule: EditorText: enter shmaddress
2018-08-14 14:35:11.952 AdditionalAttribute.iOS[68871:7457078] Handle_PropertyChanged was called
2018-08-14 14:35:11.952 AdditionalAttribute.iOS[68871:7457078] TeenySchedule: EditorText: enter shmaddress
2018-08-14 14:35:12.302 AdditionalAttribute.iOS[68871:7457078] Handle_PropertyChanged was called
2018-08-14 14:35:12.303 AdditionalAttribute.iOS[68871:7457078] TeenySchedule: EditorText: enter shmaddress
2018-08-14 14:35:12.303 AdditionalAttribute.iOS[68871:7457078] Handle_PropertyChanged was called
2018-08-14 14:35:12.303 AdditionalAttribute.iOS[68871:7457078] TeenySchedule: EditorText: enter shmaddress
2018-08-14 14:35:12.303 AdditionalAttribute.iOS[68871:7457078] Handle_PropertyChanged was called
2018-08-14 14:35:12.304 AdditionalAttribute.iOS[68871:7457078] TeenySchedule: EditorText: enter shmaddress
2018-08-14 14:35:12.304 AdditionalAttribute.iOS[68871:7457078] Handle_PropertyChanged was called
2018-08-14 14:35:12.305 AdditionalAttribute.iOS[68871:7457078] TeenySchedule: EditorText: enter shmaddress
2018-08-14 14:35:13.157 AdditionalAttribute.iOS[68871:7457078] 0
2018-08-14 14:35:13.159 AdditionalAttribute.iOS[68871:7457078] 44
2018-08-14 14:35:13.161 AdditionalAttribute.iOS[68871:7457078] Handle_PropertyChanged was called
2018-08-14 14:35:13.162 AdditionalAttribute.iOS[68871:7457078] TeenySchedule: EditorText: enter shmaddress
2018-08-14 14:35:15.125 AdditionalAttribute.iOS[68871:7457078] Handle_PropertyChanged was called
2018-08-14 14:35:15.127 AdditionalAttribute.iOS[68871:7457078] TeenySchedule: EditorText: enter shmaddress
2018-08-14 14:35:15.690 AdditionalAttribute.iOS[68871:7457078] Handle_PropertyChanged was called
2018-08-14 14:35:15.693 AdditionalAttribute.iOS[68871:7457078] TeenySchedule: EditorText: enter shmaddress
2018-08-14 14:35:15.693 AdditionalAttribute.iOS[68871:7457078] Handle_PropertyChanged was called
2018-08-14 14:35:15.695 AdditionalAttribute.iOS[68871:7457078] TeenySchedule: EditorText: enter shmaddress
2018-08-14 14:35:15.697 AdditionalAttribute.iOS[68871:7457078] Handle_PropertyChanged was called
2018-08-14 14:35:15.697 AdditionalAttribute.iOS[68871:7457078] TeenySchedule: EditorText: enter shmaddress
2018-08-14 14:35:15.698 AdditionalAttribute.iOS[68871:7457078] Handle_PropertyChanged was called
2018-08-14 14:35:15.699 AdditionalAttribute.iOS[68871:7457078] TeenySchedule: EditorText: enter shmaddress
2018-08-14 14:35:17.819 AdditionalAttribute.iOS[68871:7457078] Handle_PropertyChanged was called
2018-08-14 14:35:17.819 AdditionalAttribute.iOS[68871:7457078] TeenySchedule: EditorText: enter shmaddress
2018-08-14 14:35:18.973 AdditionalAttribute.iOS[68871:7457078] Handle_PropertyChanged was called
2018-08-14 14:35:18.973 AdditionalAttribute.iOS[68871:7457078] TeenySchedule: EditorText: enter shmaddress
2018-08-14 14:35:20.537 AdditionalAttribute.iOS[68871:7457078] Handle_PropertyChanged was called
2018-08-14 14:35:20.537 AdditionalAttribute.iOS[68871:7457078] TeenySchedule: EditorText: enter shmaddress
2018-08-14 14:35:20.538 AdditionalAttribute.iOS[68871:7457078] TeenySchedule: EditorText: enter shmaddress
2018-08-14 14:35:20.539 AdditionalAttribute.iOS[68871:7457078] Handle_PropertyChanged was called
2018-08-14 14:35:20.539 AdditionalAttribute.iOS[68871:7457078] TeenySchedule: EditorText: 
2018-08-14 14:35:20.542 AdditionalAttribute.iOS[68871:7457078] Handle_PropertyChanged was called
2018-08-14 14:35:20.543 AdditionalAttribute.iOS[68871:7457078] TeenySchedule: EditorText: 
2018-08-14 14:35:22.195 AdditionalAttribute.iOS[68871:7457078] Handle_PropertyChanged was called
2018-08-14 14:35:22.195 AdditionalAttribute.iOS[68871:7457078] TeenySchedule: EditorText: F
2018-08-14 14:35:22.670 AdditionalAttribute.iOS[68871:7457078] Handle_PropertyChanged was called
2018-08-14 14:35:22.670 AdditionalAttribute.iOS[68871:7457078] TeenySchedule: EditorText: Fo
2018-08-14 14:35:22.862 AdditionalAttribute.iOS[68871:7457078] Handle_PropertyChanged was called
2018-08-14 14:35:22.881 AdditionalAttribute.iOS[68871:7457078] TeenySchedule: EditorText: Foo
2018-08-14 14:35:23.099 AdditionalAttribute.iOS[68871:7457078] Handle_PropertyChanged was called
2018-08-14 14:35:23.099 AdditionalAttribute.iOS[68871:7457078] TeenySchedule: EditorText: Fool
2018-08-14 14:35:23.591 AdditionalAttribute.iOS[68871:7457078] Handle_PropertyChanged was called
2018-08-14 14:35:23.591 AdditionalAttribute.iOS[68871:7457078] TeenySchedule: EditorText: Fool 
2018-08-14 14:35:23.792 AdditionalAttribute.iOS[68871:7457078] Handle_PropertyChanged was called
2018-08-14 14:35:23.792 AdditionalAttribute.iOS[68871:7457078] TeenySchedule: EditorText: Fool h
2018-08-14 14:35:24.160 AdditionalAttribute.iOS[68871:7457078] Handle_PropertyChanged was called
2018-08-14 14:35:24.160 AdditionalAttribute.iOS[68871:7457078] TeenySchedule: EditorText: Fool ho
2018-08-14 14:35:24.953 AdditionalAttribute.iOS[68871:7457078] Handle_PropertyChanged was called
2018-08-14 14:35:24.953 AdditionalAttribute.iOS[68871:7457078] TeenySchedule: EditorText: Fool h
2018-08-14 14:35:25.123 AdditionalAttribute.iOS[68871:7457078] Handle_PropertyChanged was called
2018-08-14 14:35:25.123 AdditionalAttribute.iOS[68871:7457078] TeenySchedule: EditorText: Fool 
2018-08-14 14:35:25.459 AdditionalAttribute.iOS[68871:7457078] Handle_PropertyChanged was called
2018-08-14 14:35:25.459 AdditionalAttribute.iOS[68871:7457078] TeenySchedule: EditorText: Fool h
2018-08-14 14:35:25.679 AdditionalAttribute.iOS[68871:7457078] Handle_PropertyChanged was called
2018-08-14 14:35:25.679 AdditionalAttribute.iOS[68871:7457078] TeenySchedule: EditorText: Fool ho
2018-08-14 14:35:25.865 AdditionalAttribute.iOS[68871:7457078] Handle_PropertyChanged was called
2018-08-14 14:35:25.865 AdditionalAttribute.iOS[68871:7457078] TeenySchedule: EditorText: Fool hoo
2018-08-14 14:35:26.043 AdditionalAttribute.iOS[68871:7457078] Handle_PropertyChanged was called
2018-08-14 14:35:26.043 AdditionalAttribute.iOS[68871:7457078] TeenySchedule: EditorText: Fool hoop
2018-08-14 14:35:26.669 AdditionalAttribute.iOS[68871:7457078] Handle_PropertyChanged was called
2018-08-14 14:35:26.669 AdditionalAttribute.iOS[68871:7457078] TeenySchedule: EditorText: Fool hoo
2018-08-14 14:35:26.854 AdditionalAttribute.iOS[68871:7457078] Handle_PropertyChanged was called
2018-08-14 14:35:26.854 AdditionalAttribute.iOS[68871:7457078] TeenySchedule: EditorText: Fool ho
2018-08-14 14:35:27.018 AdditionalAttribute.iOS[68871:7457078] Handle_PropertyChanged was called
2018-08-14 14:35:27.018 AdditionalAttribute.iOS[68871:7457078] TeenySchedule: EditorText: Fool h
2018-08-14 14:35:27.181 AdditionalAttribute.iOS[68871:7457078] Handle_PropertyChanged was called
2018-08-14 14:35:27.182 AdditionalAttribute.iOS[68871:7457078] TeenySchedule: EditorText: Fool 
2018-08-14 14:35:27.589 AdditionalAttribute.iOS[68871:7457078] Handle_PropertyChanged was called
2018-08-14 14:35:27.589 AdditionalAttribute.iOS[68871:7457078] TeenySchedule: EditorText: Fool z
2018-08-14 14:35:27.913 AdditionalAttribute.iOS[68871:7457078] Handle_PropertyChanged was called
2018-08-14 14:35:27.913 AdditionalAttribute.iOS[68871:7457078] TeenySchedule: EditorText: Fool zh
2018-08-14 14:35:28.384 AdditionalAttribute.iOS[68871:7457078] Handle_PropertyChanged was called
2018-08-14 14:35:28.385 AdditionalAttribute.iOS[68871:7457078] TeenySchedule: EditorText: Fool z
2018-08-14 14:35:28.569 AdditionalAttribute.iOS[68871:7457078] Handle_PropertyChanged was called
2018-08-14 14:35:28.569 AdditionalAttribute.iOS[68871:7457078] TeenySchedule: EditorText: Fool zz
2018-08-14 14:35:28.667 AdditionalAttribute.iOS[68871:7457078] Handle_PropertyChanged was called
2018-08-14 14:35:28.667 AdditionalAttribute.iOS[68871:7457078] TeenySchedule: EditorText: Fool zzg
2018-08-14 14:35:28.864 AdditionalAttribute.iOS[68871:7457078] Handle_PropertyChanged was called
2018-08-14 14:35:28.864 AdditionalAttribute.iOS[68871:7457078] TeenySchedule: EditorText: Fool zzgo
2018-08-14 14:35:29.026 AdditionalAttribute.iOS[68871:7457078] Handle_PropertyChanged was called
2018-08-14 14:35:29.052 AdditionalAttribute.iOS[68871:7457078] TeenySchedule: EditorText: Fool zzgoo
2018-08-14 14:35:29.384 AdditionalAttribute.iOS[68871:7457078] Handle_PropertyChanged was called
2018-08-14 14:35:29.384 AdditionalAttribute.iOS[68871:7457078] TeenySchedule: EditorText: Fool zzgoop
2018-08-14 14:35:29.669 AdditionalAttribute.iOS[68871:7457078] Handle_PropertyChanged was called
2018-08-14 14:35:29.669 AdditionalAttribute.iOS[68871:7457078] TeenySchedule: EditorText: Fool zzgoopd
2018-08-14 14:35:31.256 AdditionalAttribute.iOS[68871:7457078] Handle_PropertyChanged was called
2018-08-14 14:35:31.257 AdditionalAttribute.iOS[68871:7457078] TeenySchedule: EditorText: Fool zzgoopd
2018-08-14 14:35:31.257 AdditionalAttribute.iOS[68871:7457078] TeenySchedule: EditorText: Fool zzgoopd
2018-08-14 14:35:31.257 AdditionalAttribute.iOS[68871:7457078] TeenySchedule: Handle_Unfocused: addressEditor.Text: Fool zzgoopd
2018-08-14 14:35:31.258 AdditionalAttribute.iOS[68871:7457078] TeenySchedule: EditorText: Fool zzgoopd
2018-08-14 14:35:31.262 AdditionalAttribute.iOS[68871:7457078] TeenySchedule: EditorText: Fool zzgoopd
